0 info it worked if it ends with ok
1 verbose cli [ '/usr/local/bin/node',
1 verbose cli   '/usr/local/bin/npm',
1 verbose cli   'run',
1 verbose cli   'babel-build',
1 verbose cli   'App.js' ]
2 info using npm@3.3.12
3 info using node@v5.3.0
4 verbose run-script [ 'prebabel-build', 'babel-build', 'postbabel-build' ]
5 info lifecycle hello-world@0.1.0~prebabel-build: hello-world@0.1.0
6 silly lifecycle hello-world@0.1.0~prebabel-build: no script for prebabel-build, continuing
7 info lifecycle hello-world@0.1.0~babel-build: hello-world@0.1.0
8 verbose lifecycle hello-world@0.1.0~babel-build: unsafe-perm in lifecycle true
9 verbose lifecycle hello-world@0.1.0~babel-build: PATH: /usr/local/lib/node_modules/npm/bin/node-gyp-bin:/Users/xinyang/Documents/my_react/hello-world/node_modules/.bin:/Users/xinyang/Downloads/google-cloud-sdk/bin:/usr/local/php5/bin:/usr/local/bin:/Users/xinyang/.rvm/gems/ruby-2.2.1/bin:/Users/xinyang/.rvm/gems/ruby-2.2.1@global/bin:/Users/xinyang/.rvm/rubies/ruby-2.2.1/bin:/Library/Frameworks/Python.framework/Versions/2.7/bin:/usr/local/bin:/usr/bin:/bin:/usr/sbin:/sbin:/Users/<username>/Library/Android/sdk/tools:/Users/<username>/Library/Android/sdk/platform-tools:/Users/xinyang/.rvm/bin:/Users/xinyang/.rvm/bin
10 verbose lifecycle hello-world@0.1.0~babel-build: CWD: /Users/xinyang/Documents/my_react/hello-world
11 silly lifecycle hello-world@0.1.0~babel-build: Args: [ '-c', 'babel src -d lib "App.js"' ]
12 silly lifecycle hello-world@0.1.0~babel-build: Returned: code: 2  signal: null
13 info lifecycle hello-world@0.1.0~babel-build: Failed to exec babel-build script
14 verbose stack Error: hello-world@0.1.0 babel-build: `babel src -d lib "App.js"`
14 verbose stack Exit status 2
14 verbose stack     at EventEmitter.<anonymous> (/usr/local/lib/node_modules/npm/lib/utils/lifecycle.js:232:16)
14 verbose stack     at emitTwo (events.js:87:13)
14 verbose stack     at EventEmitter.emit (events.js:172:7)
14 verbose stack     at ChildProcess.<anonymous> (/usr/local/lib/node_modules/npm/lib/utils/spawn.js:24:14)
14 verbose stack     at emitTwo (events.js:87:13)
14 verbose stack     at ChildProcess.emit (events.js:172:7)
14 verbose stack     at maybeClose (internal/child_process.js:818:16)
14 verbose stack     at Process.ChildProcess._handle.onexit (internal/child_process.js:211:5)
15 verbose pkgid hello-world@0.1.0
16 verbose cwd /Users/xinyang/Documents/my_react/hello-world/src
17 error Darwin 16.0.0
18 error argv "/usr/local/bin/node" "/usr/local/bin/npm" "run" "babel-build" "App.js"
19 error node v5.3.0
20 error npm  v3.3.12
21 error code ELIFECYCLE
22 error hello-world@0.1.0 babel-build: `babel src -d lib "App.js"`
22 error Exit status 2
23 error Failed at the hello-world@0.1.0 babel-build script 'babel src -d lib "App.js"'.
23 error Make sure you have the latest version of node.js and npm installed.
23 error If you do, this is most likely a problem with the hello-world package,
23 error not with npm itself.
23 error Tell the author that this fails on your system:
23 error     babel src -d lib "App.js"
23 error You can get their info via:
23 error     npm owner ls hello-world
23 error There is likely additional logging output above.
24 verbose exit [ 1, true ]
